Warning[207] C:\USERS\ASUS\DESKTOP\REALTIME PROJECT 4\PROJECT4\PROJECT4.ASM 15 : Found label after column 1. (Oper)
Warning[207] C:\USERS\ASUS\DESKTOP\REALTIME PROJECT 4\PROJECT4\PROJECT4.ASM 16 : Found label after column 1. (Temp)
Warning[207] C:\USERS\ASUS\DESKTOP\REALTIME PROJECT 4\PROJECT4\PROJECT4.ASM 18 : Found label after column 1. (ResultHunTho)
Warning[207] C:\USERS\ASUS\DESKTOP\REALTIME PROJECT 4\PROJECT4\PROJECT4.ASM 19 : Found label after column 1. (ResultTenTho)
Warning[207] C:\USERS\ASUS\DESKTOP\REALTIME PROJECT 4\PROJECT4\PROJECT4.ASM 20 : Found label after column 1. (ResultTho)
Warning[207] C:\USERS\ASUS\DESKTOP\REALTIME PROJECT 4\PROJECT4\PROJECT4.ASM 21 : Found label after column 1. (ResultHun)
Warning[207] C:\USERS\ASUS\DESKTOP\REALTIME PROJECT 4\PROJECT4\PROJECT4.ASM 22 : Found label after column 1. (ResultTen)
Warning[207] C:\USERS\ASUS\DESKTOP\REALTIME PROJECT 4\PROJECT4\PROJECT4.ASM 23 : Found label after column 1. (ResultUnit)
Warning[207] C:\USERS\ASUS\DESKTOP\REALTIME PROJECT 4\PROJECT4\PROJECT4.ASM 25 : Found label after column 1. (TempTenTho)
Warning[207] C:\USERS\ASUS\DESKTOP\REALTIME PROJECT 4\PROJECT4\PROJECT4.ASM 26 : Found label after column 1. (TempTho)
Warning[207] C:\USERS\ASUS\DESKTOP\REALTIME PROJECT 4\PROJECT4\PROJECT4.ASM 27 : Found label after column 1. (TempHun)
Warning[207] C:\USERS\ASUS\DESKTOP\REALTIME PROJECT 4\PROJECT4\PROJECT4.ASM 28 : Found label after column 1. (TempTen)
Warning[207] C:\USERS\ASUS\DESKTOP\REALTIME PROJECT 4\PROJECT4\PROJECT4.ASM 29 : Found label after column 1. (TempUnit)
Warning[207] C:\USERS\ASUS\DESKTOP\REALTIME PROJECT 4\PROJECT4\PROJECT4.ASM 31 : Found label after column 1. (Num1TenTho)
Warning[207] C:\USERS\ASUS\DESKTOP\REALTIME PROJECT 4\PROJECT4\PROJECT4.ASM 32 : Found label after column 1. (Num1Tho)
Warning[207] C:\USERS\ASUS\DESKTOP\REALTIME PROJECT 4\PROJECT4\PROJECT4.ASM 33 : Found label after column 1. (Num1Hun)
Warning[207] C:\USERS\ASUS\DESKTOP\REALTIME PROJECT 4\PROJECT4\PROJECT4.ASM 34 : Found label after column 1. (Num1Ten)
Warning[207] C:\USERS\ASUS\DESKTOP\REALTIME PROJECT 4\PROJECT4\PROJECT4.ASM 35 : Found label after column 1. (Num1Unit)
Warning[207] C:\USERS\ASUS\DESKTOP\REALTIME PROJECT 4\PROJECT4\PROJECT4.ASM 38 : Found label after column 1. (Num2TenTho)
Warning[207] C:\USERS\ASUS\DESKTOP\REALTIME PROJECT 4\PROJECT4\PROJECT4.ASM 39 : Found label after column 1. (Num2Tho)
Warning[207] C:\USERS\ASUS\DESKTOP\REALTIME PROJECT 4\PROJECT4\PROJECT4.ASM 40 : Found label after column 1. (Num2Hun)
Warning[207] C:\USERS\ASUS\DESKTOP\REALTIME PROJECT 4\PROJECT4\PROJECT4.ASM 41 : Found label after column 1. (Num2Ten)
Warning[207] C:\USERS\ASUS\DESKTOP\REALTIME PROJECT 4\PROJECT4\PROJECT4.ASM 42 : Found label after column 1. (Num2Unit)
Warning[207] C:\USERS\ASUS\DESKTOP\REALTIME PROJECT 4\PROJECT4\PROJECT4.ASM 44 : Found label after column 1. (cursor)
Warning[207] C:\USERS\ASUS\DESKTOP\REALTIME PROJECT 4\PROJECT4\PROJECT4.ASM 46 : Found label after column 1. (resultFlag)
Warning[207] C:\USERS\ASUS\DESKTOP\REALTIME PROJECT 4\PROJECT4\PROJECT4.ASM 48 : Found label after column 1. (timer0OverflowCounter)
Warning[207] C:\USERS\ASUS\DESKTOP\REALTIME PROJECT 4\PROJECT4\PROJECT4.ASM 50 : Found label after column 1. (carryReg)
Warning[207] C:\USERS\ASUS\DESKTOP\REALTIME PROJECT 4\PROJECT4\PROJECT4.ASM 52 : Found label after column 1. (ResultTenThoT)
Warning[207] C:\USERS\ASUS\DESKTOP\REALTIME PROJECT 4\PROJECT4\PROJECT4.ASM 53 : Found label after column 1. (ResultThoT)
Warning[207] C:\USERS\ASUS\DESKTOP\REALTIME PROJECT 4\PROJECT4\PROJECT4.ASM 54 : Found label after column 1. (ResultHunT)
Warning[207] C:\USERS\ASUS\DESKTOP\REALTIME PROJECT 4\PROJECT4\PROJECT4.ASM 55 : Found label after column 1. (ResultTenT)
Warning[207] C:\USERS\ASUS\DESKTOP\REALTIME PROJECT 4\PROJECT4\PROJECT4.ASM 56 : Found label after column 1. (ResultUnitT)
Warning[207] C:\USERS\ASUS\DESKTOP\REALTIME PROJECT 4\PROJECT4\PROJECT4.ASM 58 : Found label after column 1. (divFlag)
Warning[207] C:\USERS\ASUS\DESKTOP\REALTIME PROJECT 4\PROJECT4\PROJECT4.ASM 59 : Found label after column 1. (keepPushCounter)
Warning[207] C:\USERS\ASUS\DESKTOP\REALTIME PROJECT 4\PROJECT4\PROJECT4.ASM 60 : Found label after column 1. (RS)
Warning[207] C:\USERS\ASUS\DESKTOP\REALTIME PROJECT 4\PROJECT4\PROJECT4.ASM 61 : Found label after column 1. (E)
Warning[207] C:\USERS\ASUS\DESKTOP\REALTIME PROJECT 4\PROJECT4\PROJECT4.ASM 74 : Found label after column 1. (ISR)
Message[305] C:\USERS\ASUS\DESKTOP\REALTIME PROJECT 4\PROJECT4\PROJECT4.ASM 85 : Using default destination of 1 (file).
Warning[207] C:\USERS\ASUS\DESKTOP\REALTIME PROJECT 4\PROJECT4\PROJECT4.ASM 90 : Found label after column 1. (twoSecondsReached)
Message[305] C:\USERS\ASUS\DESKTOP\REALTIME PROJECT 4\PROJECT4\PROJECT4.ASM 95 : Using default destination of 1 (file).
Message[305] C:\USERS\ASUS\DESKTOP\REALTIME PROJECT 4\PROJECT4\PROJECT4.ASM 102 : Using default destination of 1 (file).
Message[305] C:\USERS\ASUS\DESKTOP\REALTIME PROJECT 4\PROJECT4\PROJECT4.ASM 106 : Using default destination of 1 (file).
Message[305] C:\USERS\ASUS\DESKTOP\REALTIME PROJECT 4\PROJECT4\PROJECT4.ASM 110 : Using default destination of 1 (file).
Warning[207] C:\USERS\ASUS\DESKTOP\REALTIME PROJECT 4\PROJECT4\PROJECT4.ASM 117 : Found label after column 1. (incrementCounter)
Message[305] C:\USERS\ASUS\DESKTOP\REALTIME PROJECT 4\PROJECT4\PROJECT4.ASM 118 : Using default destination of 1 (file).
Message[305] C:\USERS\ASUS\DESKTOP\REALTIME PROJECT 4\PROJECT4\PROJECT4.ASM 122 : Using default destination of 1 (file).
Warning[207] C:\USERS\ASUS\DESKTOP\REALTIME PROJECT 4\PROJECT4\PROJECT4.ASM 134 : Found label after column 1. (PushInterrupt)
Message[305] C:\USERS\ASUS\DESKTOP\REALTIME PROJECT 4\PROJECT4\PROJECT4.ASM 144 : Using default destination of 1 (file).
Message[305] C:\USERS\ASUS\DESKTOP\REALTIME PROJECT 4\PROJECT4\PROJECT4.ASM 151 : Using default destination of 1 (file).
Message[305] C:\USERS\ASUS\DESKTOP\REALTIME PROJECT 4\PROJECT4\PROJECT4.ASM 158 : Using default destination of 1 (file).
Message[305] C:\USERS\ASUS\DESKTOP\REALTIME PROJECT 4\PROJECT4\PROJECT4.ASM 165 : Using default destination of 1 (file).
Message[305] C:\USERS\ASUS\DESKTOP\REALTIME PROJECT 4\PROJECT4\PROJECT4.ASM 172 : Using default destination of 1 (file).
Message[305] C:\USERS\ASUS\DESKTOP\REALTIME PROJECT 4\PROJECT4\PROJECT4.ASM 180 : Using default destination of 1 (file).
Message[305] C:\USERS\ASUS\DESKTOP\REALTIME PROJECT 4\PROJECT4\PROJECT4.ASM 187 : Using default destination of 1 (file).
Message[305] C:\USERS\ASUS\DESKTOP\REALTIME PROJECT 4\PROJECT4\PROJECT4.ASM 194 : Using default destination of 1 (file).
Message[305] C:\USERS\ASUS\DESKTOP\REALTIME PROJECT 4\PROJECT4\PROJECT4.ASM 201 : Using default destination of 1 (file).
Message[305] C:\USERS\ASUS\DESKTOP\REALTIME PROJECT 4\PROJECT4\PROJECT4.ASM 208 : Using default destination of 1 (file).
Message[305] C:\USERS\ASUS\DESKTOP\REALTIME PROJECT 4\PROJECT4\PROJECT4.ASM 215 : Using default destination of 1 (file).
Message[305] C:\USERS\ASUS\DESKTOP\REALTIME PROJECT 4\PROJECT4\PROJECT4.ASM 222 : Using default destination of 1 (file).
Warning[207] C:\USERS\ASUS\DESKTOP\REALTIME PROJECT 4\PROJECT4\PROJECT4.ASM 228 : Found label after column 1. (state0)
Message[305] C:\USERS\ASUS\DESKTOP\REALTIME PROJECT 4\PROJECT4\PROJECT4.ASM 229 : Using default destination of 1 (file).
Message[305] C:\USERS\ASUS\DESKTOP\REALTIME PROJECT 4\PROJECT4\PROJECT4.ASM 233 : Using default destination of 1 (file).
Warning[207] C:\USERS\ASUS\DESKTOP\REALTIME PROJECT 4\PROJECT4\PROJECT4.ASM 238 : Found label after column 1. (state1)
Message[305] C:\USERS\ASUS\DESKTOP\REALTIME PROJECT 4\PROJECT4\PROJECT4.ASM 239 : Using default destination of 1 (file).
Message[305] C:\USERS\ASUS\DESKTOP\REALTIME PROJECT 4\PROJECT4\PROJECT4.ASM 243 : Using default destination of 1 (file).
Message[305] C:\USERS\ASUS\DESKTOP\REALTIME PROJECT 4\PROJECT4\PROJECT4.ASM 249 : Using default destination of 1 (file).
Warning[207] C:\USERS\ASUS\DESKTOP\REALTIME PROJECT 4\PROJECT4\PROJECT4.ASM 254 : Found label after column 1. (fullTenTho1)
Message[305] C:\USERS\ASUS\DESKTOP\REALTIME PROJECT 4\PROJECT4\PROJECT4.ASM 258 : Using default destination of 1 (file).
Warning[207] C:\USERS\ASUS\DESKTOP\REALTIME PROJECT 4\PROJECT4\PROJECT4.ASM 263 : Found label after column 1. (state2)
Message[305] C:\USERS\ASUS\DESKTOP\REALTIME PROJECT 4\PROJECT4\PROJECT4.ASM 264 : Using default destination of 1 (file).
Message[305] C:\USERS\ASUS\DESKTOP\REALTIME PROJECT 4\PROJECT4\PROJECT4.ASM 268 : Using default destination of 1 (file).
Warning[207] C:\USERS\ASUS\DESKTOP\REALTIME PROJECT 4\PROJECT4\PROJECT4.ASM 273 : Found label after column 1. (fullTenTho2)
Message[305] C:\USERS\ASUS\DESKTOP\REALTIME PROJECT 4\PROJECT4\PROJECT4.ASM 277 : Using default destination of 1 (file).
Warning[207] C:\USERS\ASUS\DESKTOP\REALTIME PROJECT 4\PROJECT4\PROJECT4.ASM 281 : Found label after column 1. (fullTho2)
Message[305] C:\USERS\ASUS\DESKTOP\REALTIME PROJECT 4\PROJECT4\PROJECT4.ASM 285 : Using default destination of 1 (file).
Warning[207] C:\USERS\ASUS\DESKTOP\REALTIME PROJECT 4\PROJECT4\PROJECT4.ASM 290 : Found label after column 1. (HunNotMax)
Message[305] C:\USERS\ASUS\DESKTOP\REALTIME PROJECT 4\PROJECT4\PROJECT4.ASM 294 : Using default destination of 1 (file).
Warning[207] C:\USERS\ASUS\DESKTOP\REALTIME PROJECT 4\PROJECT4\PROJECT4.ASM 299 : Found label after column 1. (state3)
Message[305] C:\USERS\ASUS\DESKTOP\REALTIME PROJECT 4\PROJECT4\PROJECT4.ASM 300 : Using default destination of 1 (file).
Message[305] C:\USERS\ASUS\DESKTOP\REALTIME PROJECT 4\PROJECT4\PROJECT4.ASM 304 : Using default destination of 1 (file).
Warning[207] C:\USERS\ASUS\DESKTOP\REALTIME PROJECT 4\PROJECT4\PROJECT4.ASM 309 : Found label after column 1. (fullTenTho3)
Message[305] C:\USERS\ASUS\DESKTOP\REALTIME PROJECT 4\PROJECT4\PROJECT4.ASM 313 : Using default destination of 1 (file).
Warning[207] C:\USERS\ASUS\DESKTOP\REALTIME PROJECT 4\PROJECT4\PROJECT4.ASM 317 : Found label after column 1. (fullTho3)
Message[305] C:\USERS\ASUS\DESKTOP\REALTIME PROJECT 4\PROJECT4\PROJECT4.ASM 321 : Using default destination of 1 (file).
Warning[207] C:\USERS\ASUS\DESKTOP\REALTIME PROJECT 4\PROJECT4\PROJECT4.ASM 326 : Found label after column 1. (fullHun3)
Message[305] C:\USERS\ASUS\DESKTOP\REALTIME PROJECT 4\PROJECT4\PROJECT4.ASM 330 : Using default destination of 1 (file).
Warning[207] C:\USERS\ASUS\DESKTOP\REALTIME PROJECT 4\PROJECT4\PROJECT4.ASM 335 : Found label after column 1. (TenNotMax)
Message[305] C:\USERS\ASUS\DESKTOP\REALTIME PROJECT 4\PROJECT4\PROJECT4.ASM 339 : Using default destination of 1 (file).
Warning[207] C:\USERS\ASUS\DESKTOP\REALTIME PROJECT 4\PROJECT4\PROJECT4.ASM 345 : Found label after column 1. (state4)
Message[305] C:\USERS\ASUS\DESKTOP\REALTIME PROJECT 4\PROJECT4\PROJECT4.ASM 346 : Using default destination of 1 (file).
Message[305] C:\USERS\ASUS\DESKTOP\REALTIME PROJECT 4\PROJECT4\PROJECT4.ASM 350 : Using default destination of 1 (file).
Warning[207] C:\USERS\ASUS\DESKTOP\REALTIME PROJECT 4\PROJECT4\PROJECT4.ASM 355 : Found label after column 1. (fullTenTho4)
Message[305] C:\USERS\ASUS\DESKTOP\REALTIME PROJECT 4\PROJECT4\PROJECT4.ASM 359 : Using default destination of 1 (file).
Warning[207] C:\USERS\ASUS\DESKTOP\REALTIME PROJECT 4\PROJECT4\PROJECT4.ASM 364 : Found label after column 1. (fullTho4)
Message[305] C:\USERS\ASUS\DESKTOP\REALTIME PROJECT 4\PROJECT4\PROJECT4.ASM 368 : Using default destination of 1 (file).
Warning[207] C:\USERS\ASUS\DESKTOP\REALTIME PROJECT 4\PROJECT4\PROJECT4.ASM 373 : Found label after column 1. (fullHun4)
Message[305] C:\USERS\ASUS\DESKTOP\REALTIME PROJECT 4\PROJECT4\PROJECT4.ASM 377 : Using default destination of 1 (file).
Warning[207] C:\USERS\ASUS\DESKTOP\REALTIME PROJECT 4\PROJECT4\PROJECT4.ASM 382 : Found label after column 1. (fullTen4)
Message[305] C:\USERS\ASUS\DESKTOP\REALTIME PROJECT 4\PROJECT4\PROJECT4.ASM 386 : Using default destination of 1 (file).
Warning[207] C:\USERS\ASUS\DESKTOP\REALTIME PROJECT 4\PROJECT4\PROJECT4.ASM 391 : Found label after column 1. (UnitNotMax)
Message[305] C:\USERS\ASUS\DESKTOP\REALTIME PROJECT 4\PROJECT4\PROJECT4.ASM 395 : Using default destination of 1 (file).
Warning[207] C:\USERS\ASUS\DESKTOP\REALTIME PROJECT 4\PROJECT4\PROJECT4.ASM 401 : Found label after column 1. (state5)
Message[305] C:\USERS\ASUS\DESKTOP\REALTIME PROJECT 4\PROJECT4\PROJECT4.ASM 406 : Using default destination of 1 (file).
Message[305] C:\USERS\ASUS\DESKTOP\REALTIME PROJECT 4\PROJECT4\PROJECT4.ASM 413 : Using default destination of 1 (file).
Message[305] C:\USERS\ASUS\DESKTOP\REALTIME PROJECT 4\PROJECT4\PROJECT4.ASM 420 : Using default destination of 1 (file).
Warning[207] C:\USERS\ASUS\DESKTOP\REALTIME PROJECT 4\PROJECT4\PROJECT4.ASM 424 : Found label after column 1. (addoper)
Warning[207] C:\USERS\ASUS\DESKTOP\REALTIME PROJECT 4\PROJECT4\PROJECT4.ASM 429 : Found label after column 1. (divoper)
Warning[207] C:\USERS\ASUS\DESKTOP\REALTIME PROJECT 4\PROJECT4\PROJECT4.ASM 434 : Found label after column 1. (modoper)
Warning[207] C:\USERS\ASUS\DESKTOP\REALTIME PROJECT 4\PROJECT4\PROJECT4.ASM 443 : Found label after column 1. (state6)
Message[305] C:\USERS\ASUS\DESKTOP\REALTIME PROJECT 4\PROJECT4\PROJECT4.ASM 444 : Using default destination of 1 (file).
Message[305] C:\USERS\ASUS\DESKTOP\REALTIME PROJECT 4\PROJECT4\PROJECT4.ASM 448 : Using default destination of 1 (file).
Warning[207] C:\USERS\ASUS\DESKTOP\REALTIME PROJECT 4\PROJECT4\PROJECT4.ASM 453 : Found label after column 1. (state7)
Message[305] C:\USERS\ASUS\DESKTOP\REALTIME PROJECT 4\PROJECT4\PROJECT4.ASM 454 : Using default destination of 1 (file).
Message[305] C:\USERS\ASUS\DESKTOP\REALTIME PROJECT 4\PROJECT4\PROJECT4.ASM 458 : Using default destination of 1 (file).
Message[305] C:\USERS\ASUS\DESKTOP\REALTIME PROJECT 4\PROJECT4\PROJECT4.ASM 464 : Using default destination of 1 (file).
Warning[207] C:\USERS\ASUS\DESKTOP\REALTIME PROJECT 4\PROJECT4\PROJECT4.ASM 469 : Found label after column 1. (fullTenTho7)
Message[305] C:\USERS\ASUS\DESKTOP\REALTIME PROJECT 4\PROJECT4\PROJECT4.ASM 473 : Using default destination of 1 (file).
Warning[207] C:\USERS\ASUS\DESKTOP\REALTIME PROJECT 4\PROJECT4\PROJECT4.ASM 478 : Found label after column 1. (state8)
Message[305] C:\USERS\ASUS\DESKTOP\REALTIME PROJECT 4\PROJECT4\PROJECT4.ASM 479 : Using default destination of 1 (file).
Message[305] C:\USERS\ASUS\DESKTOP\REALTIME PROJECT 4\PROJECT4\PROJECT4.ASM 483 : Using default destination of 1 (file).
Warning[207] C:\USERS\ASUS\DESKTOP\REALTIME PROJECT 4\PROJECT4\PROJECT4.ASM 488 : Found label after column 1. (fullTenTho8)
Message[305] C:\USERS\ASUS\DESKTOP\REALTIME PROJECT 4\PROJECT4\PROJECT4.ASM 492 : Using default destination of 1 (file).
Warning[207] C:\USERS\ASUS\DESKTOP\REALTIME PROJECT 4\PROJECT4\PROJECT4.ASM 496 : Found label after column 1. (fullTho8)
Message[305] C:\USERS\ASUS\DESKTOP\REALTIME PROJECT 4\PROJECT4\PROJECT4.ASM 500 : Using default destination of 1 (file).
Warning[207] C:\USERS\ASUS\DESKTOP\REALTIME PROJECT 4\PROJECT4\PROJECT4.ASM 505 : Found label after column 1. (HunNotMax2)
Message[305] C:\USERS\ASUS\DESKTOP\REALTIME PROJECT 4\PROJECT4\PROJECT4.ASM 509 : Using default destination of 1 (file).
Warning[207] C:\USERS\ASUS\DESKTOP\REALTIME PROJECT 4\PROJECT4\PROJECT4.ASM 514 : Found label after column 1. (state9)
Message[305] C:\USERS\ASUS\DESKTOP\REALTIME PROJECT 4\PROJECT4\PROJECT4.ASM 515 : Using default destination of 1 (file).
Message[305] C:\USERS\ASUS\DESKTOP\REALTIME PROJECT 4\PROJECT4\PROJECT4.ASM 519 : Using default destination of 1 (file).
Warning[207] C:\USERS\ASUS\DESKTOP\REALTIME PROJECT 4\PROJECT4\PROJECT4.ASM 524 : Found label after column 1. (fullTenTho9)
Message[305] C:\USERS\ASUS\DESKTOP\REALTIME PROJECT 4\PROJECT4\PROJECT4.ASM 528 : Using default destination of 1 (file).
Warning[207] C:\USERS\ASUS\DESKTOP\REALTIME PROJECT 4\PROJECT4\PROJECT4.ASM 532 : Found label after column 1. (fullTho9)
Message[305] C:\USERS\ASUS\DESKTOP\REALTIME PROJECT 4\PROJECT4\PROJECT4.ASM 536 : Using default destination of 1 (file).
Warning[207] C:\USERS\ASUS\DESKTOP\REALTIME PROJECT 4\PROJECT4\PROJECT4.ASM 541 : Found label after column 1. (fullHun9)
Message[305] C:\USERS\ASUS\DESKTOP\REALTIME PROJECT 4\PROJECT4\PROJECT4.ASM 545 : Using default destination of 1 (file).
Warning[207] C:\USERS\ASUS\DESKTOP\REALTIME PROJECT 4\PROJECT4\PROJECT4.ASM 550 : Found label after column 1. (TenNotMax2)
Message[305] C:\USERS\ASUS\DESKTOP\REALTIME PROJECT 4\PROJECT4\PROJECT4.ASM 554 : Using default destination of 1 (file).
Warning[207] C:\USERS\ASUS\DESKTOP\REALTIME PROJECT 4\PROJECT4\PROJECT4.ASM 560 : Found label after column 1. (state10)
Message[305] C:\USERS\ASUS\DESKTOP\REALTIME PROJECT 4\PROJECT4\PROJECT4.ASM 561 : Using default destination of 1 (file).
Message[305] C:\USERS\ASUS\DESKTOP\REALTIME PROJECT 4\PROJECT4\PROJECT4.ASM 565 : Using default destination of 1 (file).
Warning[207] C:\USERS\ASUS\DESKTOP\REALTIME PROJECT 4\PROJECT4\PROJECT4.ASM 570 : Found label after column 1. (fullTenTho10)
Message[305] C:\USERS\ASUS\DESKTOP\REALTIME PROJECT 4\PROJECT4\PROJECT4.ASM 574 : Using default destination of 1 (file).
Warning[207] C:\USERS\ASUS\DESKTOP\REALTIME PROJECT 4\PROJECT4\PROJECT4.ASM 579 : Found label after column 1. (fullTho10)
Message[305] C:\USERS\ASUS\DESKTOP\REALTIME PROJECT 4\PROJECT4\PROJECT4.ASM 583 : Using default destination of 1 (file).
Warning[207] C:\USERS\ASUS\DESKTOP\REALTIME PROJECT 4\PROJECT4\PROJECT4.ASM 588 : Found label after column 1. (fullHun10)
Message[305] C:\USERS\ASUS\DESKTOP\REALTIME PROJECT 4\PROJECT4\PROJECT4.ASM 592 : Using default destination of 1 (file).
Warning[207] C:\USERS\ASUS\DESKTOP\REALTIME PROJECT 4\PROJECT4\PROJECT4.ASM 597 : Found label after column 1. (fullTen10)
Message[305] C:\USERS\ASUS\DESKTOP\REALTIME PROJECT 4\PROJECT4\PROJECT4.ASM 601 : Using default destination of 1 (file).
Warning[207] C:\USERS\ASUS\DESKTOP\REALTIME PROJECT 4\PROJECT4\PROJECT4.ASM 606 : Found label after column 1. (UnitNotMax2)
Message[305] C:\USERS\ASUS\DESKTOP\REALTIME PROJECT 4\PROJECT4\PROJECT4.ASM 610 : Using default destination of 1 (file).
Warning[207] C:\USERS\ASUS\DESKTOP\REALTIME PROJECT 4\PROJECT4\PROJECT4.ASM 617 : Found label after column 1. (ResultCalc)
Message[305] C:\USERS\ASUS\DESKTOP\REALTIME PROJECT 4\PROJECT4\PROJECT4.ASM 620 : Using default destination of 1 (file).
Message[305] C:\USERS\ASUS\DESKTOP\REALTIME PROJECT 4\PROJECT4\PROJECT4.ASM 632 : Using default destination of 1 (file).
Message[305] C:\USERS\ASUS\DESKTOP\REALTIME PROJECT 4\PROJECT4\PROJECT4.ASM 639 : Using default destination of 1 (file).
Message[305] C:\USERS\ASUS\DESKTOP\REALTIME PROJECT 4\PROJECT4\PROJECT4.ASM 646 : Using default destination of 1 (file).
Message[305] C:\USERS\ASUS\DESKTOP\REALTIME PROJECT 4\PROJECT4\PROJECT4.ASM 794 : Using default destination of 1 (file).
Message[305] C:\USERS\ASUS\DESKTOP\REALTIME PROJECT 4\PROJECT4\PROJECT4.ASM 815 : Using default destination of 1 (file).
Message[305] C:\USERS\ASUS\DESKTOP\REALTIME PROJECT 4\PROJECT4\PROJECT4.ASM 828 : Using default destination of 1 (file).
Message[305] C:\USERS\ASUS\DESKTOP\REALTIME PROJECT 4\PROJECT4\PROJECT4.ASM 853 : Using default destination of 1 (file).
Message[305] C:\USERS\ASUS\DESKTOP\REALTIME PROJECT 4\PROJECT4\PROJECT4.ASM 866 : Using default destination of 1 (file).
Message[305] C:\USERS\ASUS\DESKTOP\REALTIME PROJECT 4\PROJECT4\PROJECT4.ASM 881 : Using default destination of 1 (file).
Message[305] C:\USERS\ASUS\DESKTOP\REALTIME PROJECT 4\PROJECT4\PROJECT4.ASM 907 : Using default destination of 1 (file).
Message[305] C:\USERS\ASUS\DESKTOP\REALTIME PROJECT 4\PROJECT4\PROJECT4.ASM 920 : Using default destination of 1 (file).
Message[305] C:\USERS\ASUS\DESKTOP\REALTIME PROJECT 4\PROJECT4\PROJECT4.ASM 935 : Using default destination of 1 (file).
Message[305] C:\USERS\ASUS\DESKTOP\REALTIME PROJECT 4\PROJECT4\PROJECT4.ASM 953 : Using default destination of 1 (file).
Message[305] C:\USERS\ASUS\DESKTOP\REALTIME PROJECT 4\PROJECT4\PROJECT4.ASM 980 : Using default destination of 1 (file).
Message[305] C:\USERS\ASUS\DESKTOP\REALTIME PROJECT 4\PROJECT4\PROJECT4.ASM 991 : Using default destination of 1 (file).
Message[305] C:\USERS\ASUS\DESKTOP\REALTIME PROJECT 4\PROJECT4\PROJECT4.ASM 1002 : Using default destination of 1 (file).
Message[305] C:\USERS\ASUS\DESKTOP\REALTIME PROJECT 4\PROJECT4\PROJECT4.ASM 1013 : Using default destination of 1 (file).
Message[305] C:\USERS\ASUS\DESKTOP\REALTIME PROJECT 4\PROJECT4\PROJECT4.ASM 1024 : Using default destination of 1 (file).
Message[305] C:\USERS\ASUS\DESKTOP\REALTIME PROJECT 4\PROJECT4\PROJECT4.ASM 1066 : Using default destination of 1 (file).
Message[305] C:\USERS\ASUS\DESKTOP\REALTIME PROJECT 4\PROJECT4\PROJECT4.ASM 1087 : Using default destination of 1 (file).
Message[305] C:\USERS\ASUS\DESKTOP\REALTIME PROJECT 4\PROJECT4\PROJECT4.ASM 1100 : Using default destination of 1 (file).
Message[305] C:\USERS\ASUS\DESKTOP\REALTIME PROJECT 4\PROJECT4\PROJECT4.ASM 1124 : Using default destination of 1 (file).
Message[305] C:\USERS\ASUS\DESKTOP\REALTIME PROJECT 4\PROJECT4\PROJECT4.ASM 1137 : Using default destination of 1 (file).
Message[305] C:\USERS\ASUS\DESKTOP\REALTIME PROJECT 4\PROJECT4\PROJECT4.ASM 1152 : Using default destination of 1 (file).
Message[305] C:\USERS\ASUS\DESKTOP\REALTIME PROJECT 4\PROJECT4\PROJECT4.ASM 1178 : Using default destination of 1 (file).
Message[305] C:\USERS\ASUS\DESKTOP\REALTIME PROJECT 4\PROJECT4\PROJECT4.ASM 1191 : Using default destination of 1 (file).
Message[305] C:\USERS\ASUS\DESKTOP\REALTIME PROJECT 4\PROJECT4\PROJECT4.ASM 1206 : Using default destination of 1 (file).
Message[305] C:\USERS\ASUS\DESKTOP\REALTIME PROJECT 4\PROJECT4\PROJECT4.ASM 1224 : Using default destination of 1 (file).
Warning[203] C:\USERS\ASUS\DESKTOP\REALTIME PROJECT 4\PROJECT4\PROJECT4.ASM 1267 : Found opcode in column 1. (INCF)
Message[305] C:\USERS\ASUS\DESKTOP\REALTIME PROJECT 4\PROJECT4\PROJECT4.ASM 1267 : Using default destination of 1 (file).
Message[305] C:\USERS\ASUS\DESKTOP\REALTIME PROJECT 4\PROJECT4\PROJECT4.ASM 1278 : Using default destination of 1 (file).
Message[305] C:\USERS\ASUS\DESKTOP\REALTIME PROJECT 4\PROJECT4\PROJECT4.ASM 1297 : Using default destination of 1 (file).
Warning[207] C:\USERS\ASUS\DESKTOP\REALTIME PROJECT 4\PROJECT4\PROJECT4.ASM 1312 : Found label after column 1. (continue)
Warning[207] C:\USERS\ASUS\DESKTOP\REALTIME PROJECT 4\PROJECT4\PROJECT4.ASM 1319 : Found label after column 1. (EndISR)
Warning[207] C:\USERS\ASUS\DESKTOP\REALTIME PROJECT 4\PROJECT4\PROJECT4.ASM 1325 : Found label after column 1. (init)
Message[302] C:\USERS\ASUS\DESKTOP\REALTIME PROJECT 4\PROJECT4\PROJECT4.ASM 1331 : Register in operand not in bank 0.  Ensure that bank bits are correct.
Message[302] C:\USERS\ASUS\DESKTOP\REALTIME PROJECT 4\PROJECT4\PROJECT4.ASM 1334 : Register in operand not in bank 0.  Ensure that bank bits are correct.
Message[302] C:\USERS\ASUS\DESKTOP\REALTIME PROJECT 4\PROJECT4\PROJECT4.ASM 1344 : Register in operand not in bank 0.  Ensure that bank bits are correct.
Message[305] C:\USERS\ASUS\DESKTOP\REALTIME PROJECT 4\PROJECT4\LCDIS.INC 27 : Using default destination of 1 (file).
Message[305] C:\USERS\ASUS\DESKTOP\REALTIME PROJECT 4\PROJECT4\LCDIS.INC 37 : Using default destination of 1 (file).
Message[305] C:\USERS\ASUS\DESKTOP\REALTIME PROJECT 4\PROJECT4\LCDIS.INC 62 : Using default destination of 1 (file).
Warning[207] C:\USERS\ASUS\DESKTOP\REALTIME PROJECT 4\PROJECT4\PROJECT4.ASM 1353 : Found label after column 1. (start)
Warning[211] C:\USERS\ASUS\DESKTOP\REALTIME PROJECT 4\PROJECT4\PROJECT4.ASM 1359 : Extraneous arguments on the line.
Warning[211] C:\USERS\ASUS\DESKTOP\REALTIME PROJECT 4\PROJECT4\PROJECT4.ASM 1367 : Extraneous arguments on the line.
Warning[211] C:\USERS\ASUS\DESKTOP\REALTIME PROJECT 4\PROJECT4\PROJECT4.ASM 1368 : Extraneous arguments on the line.
Warning[211] C:\USERS\ASUS\DESKTOP\REALTIME PROJECT 4\PROJECT4\PROJECT4.ASM 1369 : Extraneous arguments on the line.
Warning[211] C:\USERS\ASUS\DESKTOP\REALTIME PROJECT 4\PROJECT4\PROJECT4.ASM 1370 : Extraneous arguments on the line.
Warning[211] C:\USERS\ASUS\DESKTOP\REALTIME PROJECT 4\PROJECT4\PROJECT4.ASM 1371 : Extraneous arguments on the line.
Warning[207] C:\USERS\ASUS\DESKTOP\REALTIME PROJECT 4\PROJECT4\PROJECT4.ASM 1381 : Found label after column 1. (printOperation)
Message[305] C:\USERS\ASUS\DESKTOP\REALTIME PROJECT 4\PROJECT4\PROJECT4.ASM 1385 : Using default destination of 1 (file).
Message[305] C:\USERS\ASUS\DESKTOP\REALTIME PROJECT 4\PROJECT4\PROJECT4.ASM 1392 : Using default destination of 1 (file).
Warning[207] C:\USERS\ASUS\DESKTOP\REALTIME PROJECT 4\PROJECT4\PROJECT4.ASM 1398 : Found label after column 1. (printInput)
Message[305] C:\USERS\ASUS\DESKTOP\REALTIME PROJECT 4\PROJECT4\PROJECT4.ASM 1591 : Using default destination of 1 (file).
Warning[207] C:\USERS\ASUS\DESKTOP\REALTIME PROJECT 4\PROJECT4\PROJECT4.ASM 1630 : Found label after column 1. (printWithMod)
